13:50:31: Creating resource group General
13:50:31: Creating resource group Internal
13:50:31: Creating resource group Autodetect
13:50:31: SceneManagerFactory for type 'DefaultSceneManager' registered.
13:50:31: Registering ResourceManager for type Material
13:50:31: Registering ResourceManager for type Mesh
13:50:31: Registering ResourceManager for type Skeleton
13:50:31: MovableObjectFactory for type 'ParticleSystem' registered.
13:50:31: OverlayElementFactory for type Panel registered.
13:50:31: OverlayElementFactory for type BorderPanel registered.
13:50:31: OverlayElementFactory for type TextArea registered.
13:50:31: Registering ResourceManager for type Font
13:50:31: ArchiveFactory for archive type FileSystem registered.
13:50:31: ArchiveFactory for archive type Zip registered.
13:50:31: FreeImage version: 3.10.0
13:50:31: This program uses FreeImage, a free, open source image library supporting all common bitmap formats. See http://freeimage.sourceforge.net for details
13:50:31: Supported formats: bmp,ico,jpg,jif,jpeg,jpe,jng,koa,iff,lbm,mng,pbm,pbm,pcd,pcx,pgm,pgm,png,ppm,ppm,ras,tga,targa,tif,tiff,wap,wbmp,wbm,psd,cut,xbm,xpm,gif,hdr,g3,sgi,exr,j2k,j2c,jp2
13:50:31: DDS codec registering
13:50:31: Registering ResourceManager for type HighLevelGpuProgram
13:50:31: Registering ResourceManager for type Compositor
13:50:31: MovableObjectFactory for type 'Entity' registered.
13:50:31: MovableObjectFactory for type 'Light' registered.
13:50:31: MovableObjectFactory for type 'BillboardSet' registered.
13:50:31: MovableObjectFactory for type 'ManualObject' registered.
13:50:31: MovableObjectFactory for type 'BillboardChain' registered.
13:50:31: MovableObjectFactory for type 'RibbonTrail' registered.
13:50:31: Loading library ./plugins\RenderSystem_GL.dll
13:50:31: Installing plugin: GL RenderSystem
13:50:31: OpenGL Rendering Subsystem created.
13:50:31: Plugin successfully installed
13:50:31: Loading library ./plugins\RenderSystem_Direct3D9.dll
13:50:31: Installing plugin: D3D9 RenderSystem
13:50:31: D3D9 : Direct3D9 Rendering Subsystem created.
13:50:31: D3D9: Driver Detection Starts
13:50:31: D3D9: Driver Detection Ends
13:50:31: Plugin successfully installed
13:50:31: Loading library ./plugins\Plugin_ParticleFX.dll
13:50:31: Installing plugin: ParticleFX
13:50:31: Particle Emitter Type 'Point' registered
13:50:31: Particle Emitter Type 'Box' registered
13:50:31: Particle Emitter Type 'Ellipsoid' registered
13:50:31: Particle Emitter Type 'Cylinder' registered
13:50:31: Particle Emitter Type 'Ring' registered
13:50:31: Particle Emitter Type 'HollowEllipsoid' registered
13:50:31: Particle Affector Type 'LinearForce' registered
13:50:31: Particle Affector Type 'ColourFader' registered
13:50:31: Particle Affector Type 'ColourFader2' registered
13:50:31: Particle Affector Type 'ColourImage' registered
13:50:31: Particle Affector Type 'ColourInterpolator' registered
13:50:31: Particle Affector Type 'Scaler' registered
13:50:31: Particle Affector Type 'Rotator' registered
13:50:31: Particle Affector Type 'DirectionRandomiser' registered
13:50:31: Particle Affector Type 'DeflectorPlane' registered
13:50:31: Plugin successfully installed
13:50:31: *-*-* OGRE Initialising
13:50:31: *-*-* Version 1.6.1 (Shoggoth)
13:50:31: D3D9 : RenderSystem Option: Allow NVPerfHUD = No
13:50:31: D3D9 : RenderSystem Option: Anti aliasing = None
13:50:31: D3D9 : RenderSystem Option: Floating-point mode = Fastest
13:50:31: D3D9 : RenderSystem Option: Full Screen = No
13:50:31: D3D9 : RenderSystem Option: Rendering Device = Mobile Intel(R) 4 Series Express Chipset Family
13:50:31: D3D9 : RenderSystem Option: VSync = Yes
13:50:31: D3D9 : RenderSystem Option: Video Mode = 800 x 600 @ 32-bit colour
13:50:31: D3D9 : RenderSystem Option: sRGB Gamma Conversion = No
13:50:33: CPU Identifier & Features
13:50:33: -------------------------
13:50:33:  *   CPU ID: GenuineIntel: Genuine Intel(R) CPU           U2300  @ 1.20GHz
13:50:33:  *      SSE: yes
13:50:33:  *     SSE2: yes
13:50:33:  *     SSE3: yes
13:50:33:  *      MMX: yes
13:50:33:  *   MMXEXT: yes
13:50:33:  *    3DNOW: no
13:50:33:  * 3DNOWEXT: no
13:50:33:  *     CMOV: yes
13:50:33:  *      TSC: yes
13:50:33:  *      FPU: yes
13:50:33:  *      PRO: yes
13:50:33:  *       HT: no
13:50:33: -------------------------
13:50:33: D3D9 : Subsystem Initialising
13:50:33: D3D9RenderSystem::_createRenderWindow "Semantic User Interface Toolkit. Kernel version: 0.4.0", 800x600 windowed  miscParams: FSAA=0 FSAAQuality=0 colourDepth=32 gamma=false useNVPerfHUD=false vsync=true 
13:50:33: D3D9 : Created D3D9 Rendering Window 'Semantic User Interface Toolkit. Kernel version: 0.4.0' : 800x600, 32bpp
13:50:33: Registering ResourceManager for type Texture
13:50:33: Registering ResourceManager for type GpuProgram
13:50:33: D3D9: Vertex texture format supported - PF_L8
13:50:33: D3D9: Vertex texture format supported - PF_L16
13:50:33: D3D9: Vertex texture format supported - PF_A8
13:50:33: D3D9: Vertex texture format supported - PF_A4L4
13:50:33: D3D9: Vertex texture format supported - PF_BYTE_LA
13:50:33: D3D9: Vertex texture format supported - PF_R5G6B5
13:50:33: D3D9: Vertex texture format supported - PF_B5G6R5
13:50:33: D3D9: Vertex texture format supported - PF_A4R4G4B4
13:50:33: D3D9: Vertex texture format supported - PF_A1R5G5B5
13:50:33: D3D9: Vertex texture format supported - PF_A8R8G8B8
13:50:33: D3D9: Vertex texture format supported - PF_B8G8R8A8
13:50:33: D3D9: Vertex texture format supported - PF_A2R10G10B10
13:50:33: D3D9: Vertex texture format supported - PF_DXT1
13:50:33: D3D9: Vertex texture format supported - PF_DXT2
13:50:33: D3D9: Vertex texture format supported - PF_DXT3
13:50:33: D3D9: Vertex texture format supported - PF_DXT4
13:50:33: D3D9: Vertex texture format supported - PF_DXT5
13:50:33: D3D9: Vertex texture format supported - PF_FLOAT16_RGB
13:50:33: D3D9: Vertex texture format supported - PF_FLOAT16_RGBA
13:50:33: D3D9: Vertex texture format supported - PF_FLOAT32_RGB
13:50:33: D3D9: Vertex texture format supported - PF_FLOAT32_RGBA
13:50:33: D3D9: Vertex texture format supported - PF_X8R8G8B8
13:50:33: D3D9: Vertex texture format supported - PF_R8G8B8A8
13:50:33: D3D9: Vertex texture format supported - PF_DEPTH
13:50:33: D3D9: Vertex texture format supported - PF_SHORT_RGBA
13:50:33: D3D9: Vertex texture format supported - PF_FLOAT16_R
13:50:33: D3D9: Vertex texture format supported - PF_FLOAT32_R
13:50:33: D3D9: Vertex texture format supported - PF_SHORT_GR
13:50:33: D3D9: Vertex texture format supported - PF_FLOAT16_GR
13:50:33: D3D9: Vertex texture format supported - PF_FLOAT32_GR
13:50:33: D3D9: Vertex texture format supported - PF_SHORT_RGB
13:50:33: RenderSystem capabilities
13:50:33: -------------------------
13:50:33: RenderSystem Name: Direct3D9 Rendering Subsystem
13:50:33: GPU Vendor: intel
13:50:33: Device Name: Mobile Intel(R) 4 Series Express Chipset Family
13:50:33: Driver Version: 8.15.10.1892
13:50:33:  * Fixed function pipeline: yes
13:50:33:  * Hardware generation of mipmaps: yes
13:50:33:  * Texture blending: yes
13:50:33:  * Anisotropic texture filtering: yes
13:50:33:  * Dot product texture operation: yes
13:50:33:  * Cube mapping: yes
13:50:33:  * Hardware stencil buffer: yes
13:50:33:    - Stencil depth: 8
13:50:33:    - Two sided stencil support: yes
13:50:33:    - Wrap stencil values: yes
13:50:33:  * Hardware vertex / index buffers: yes
13:50:33:  * Vertex programs: yes
13:50:33:  * Fragment programs: yes
13:50:33:  * Geometry programs: no
13:50:33:  * Supported Shader Profiles: hlsl ps_1_1 ps_1_2 ps_1_3 ps_1_4 ps_2_0 ps_2_a ps_2_b ps_2_x ps_3_0 vs_1_1 vs_2_0 vs_2_a vs_2_x vs_3_0
13:50:33:  * Texture Compression: yes
13:50:33:    - DXT: yes
13:50:33:    - VTC: no
13:50:33:  * Scissor Rectangle: yes
13:50:33:  * Hardware Occlusion Query: yes
13:50:33:  * User clip planes: yes
13:50:33:  * VET_UBYTE4 vertex element type: yes
13:50:33:  * Infinite far plane projection: yes
13:50:33:  * Hardware render-to-texture: yes
13:50:33:  * Floating point textures: yes
13:50:33:  * Non-power-of-two textures: yes (limited)
13:50:33:  * Volume textures: yes
13:50:33:  * Multiple Render Targets: 4
13:50:33:    - With different bit depths: yes
13:50:33:  * Point Sprites: yes
13:50:33:  * Extended point parameters: yes
13:50:33:  * Max Point Size: 256
13:50:33:  * Vertex texture fetch: yes
13:50:33:    - Max vertex textures: 4
13:50:33:    - Vertex textures shared: no
13:50:33:  * Render to Vertex Buffer : no
13:50:33:  * DirectX per stage constants: yes
13:50:33: ***************************************
13:50:33: *** D3D9 : Subsystem Initialised OK ***
13:50:33: ***************************************
13:50:33: ResourceBackgroundQueue - threading disabled
13:50:33: Particle Renderer Type 'billboard' registered
13:50:33: Added resource location './media/mygui' of type 'FileSystem' to resource group 'General'
13:50:33: Added resource location './media/backs' of type 'FileSystem' to resource group 'General'
13:50:33: Creating resource group chemistry
13:50:33: Added resource location './media/chemistry/meshes' of type 'FileSystem' to resource group 'chemistry'
13:50:33: Added resource location './media/chemistry/materials/programs' of type 'FileSystem' to resource group 'chemistry'
13:50:33: Added resource location './media/chemistry/materials/scripts' of type 'FileSystem' to resource group 'chemistry'
13:50:33: Added resource location './media/chemistry/materials/textures' of type 'FileSystem' to resource group 'chemistry'
13:50:33: Creating resource group geometry
13:50:33: Added resource location './media/geometry/base_media.zip' of type 'Zip' to resource group 'geometry'
13:50:33: Creating resource group graph
13:50:33: Added resource location './media/graph/meshes' of type 'FileSystem' to resource group 'graph'
13:50:33: Added resource location './media/graph/materials/scripts' of type 'FileSystem' to resource group 'graph'
13:50:33: Creating resource group scg
13:50:33: Added resource location './media/scg/base_media.zip' of type 'Zip' to resource group 'scg'
13:50:33: Creating resource group space
13:50:33: Added resource location './media/space/meshes' of type 'FileSystem' to resource group 'space'
13:50:33: Added resource location './media/space/materials/scripts' of type 'FileSystem' to resource group 'space'
13:50:33: Added resource location './media/space/materials/textures' of type 'FileSystem' to resource group 'space'
13:50:33: Initialising resource group General
13:50:33: Parsing scripts for resource group General
13:50:33: Parsing script backs.material
13:50:33: Finished parsing scripts for resource group General
13:50:33: Texture: scifi_skin.png: Loading 1 faces(PF_A8R8G8B8,512x512x1) with 0 generated mipmaps from Image. Internal format is PF_A8R8G8B8,512x512x1.
13:50:33: Texture: core_pointer.png: Loading 1 faces(PF_A8R8G8B8,256x128x1) with 0 generated mipmaps from Image. Internal format is PF_A8R8G8B8,256x128x1.
13:50:33: Texture: Default_Texture: Loading 1 faces(PF_BYTE_LA,1024x128x1) with 0 generated mipmaps from Image. Internal format is PF_BYTE_LA,1024x128x1.
13:50:34: Texture: image__5091f105_p_sc_global_addr: Loading 1 faces(PF_A8R8G8B8,128x128x1) with  hardware generated mipmaps from Image. Internal format is PF_A8R8G8B8,128x128x1.
13:50:34: Added resource location 'E:\ostis\ymapostis\system\components\scg\base\media\code' of type 'FileSystem' to resource group 'scg'
13:50:34: Added resource location 'E:\ostis\ymapostis\system\components\scg\base\media\textures' of type 'FileSystem' to resource group 'scg'
13:50:34: Added resource location 'E:\ostis\ymapostis\system\components\scg\base\media\materials' of type 'FileSystem' to resource group 'scg'
13:50:34: Added resource location 'E:\ostis\ymapostis\system\components\scg\base\media\vis_menu' of type 'FileSystem' to resource group 'General'
13:50:34: Creating resource group image
13:50:34: Added resource location 'E:\ostis\ymapostis\system\components\image\media\tmp' of type 'FileSystem' to resource group 'image'
13:50:34: Added resource location 'E:\ostis\ymapostis\system\components\space\media\meshes' of type 'FileSystem' to resource group 'space'
13:50:34: Added resource location 'E:\ostis\ymapostis\system\components\space\media\materials' of type 'FileSystem' to resource group 'space'
13:50:34: Added resource location 'E:\ostis\ymapostis\system\components\space\media\materials\scripts' of type 'FileSystem' to resource group 'space'
13:50:34: Added resource location 'E:\ostis\ymapostis\system\components\space\media\materials\textures' of type 'FileSystem' to resource group 'space'
13:50:34: Added resource location 'E:\ostis\ymapostis\system\components\space\media\gui' of type 'FileSystem' to resource group 'General'
13:50:34: Creating resource group video
13:50:34: Added resource location '_cache\video' of type 'FileSystem' to resource group 'video'
13:50:35: Creating resource group yandexmap
13:50:35: Added resource location 'E:\ostis\ymapostis\system\components\yandexmaps\media\tmp' of type 'FileSystem' to resource group 'yandexmap'
13:50:35: Parsing scripts for resource group Autodetect
13:50:35: Finished parsing scripts for resource group Autodetect
13:50:35: Parsing scripts for resource group Internal
13:50:35: Finished parsing scripts for resource group Internal
13:50:35: Parsing scripts for resource group chemistry
13:50:35: Parsing script chem_atoms.material
13:50:35: Parsing script chem_base.material
13:50:35: Parsing script chem_link.material
13:50:35: Finished parsing scripts for resource group chemistry
13:50:35: Parsing scripts for resource group geometry
13:50:35: Parsing script geom_background.material
13:50:35: Parsing script geom_base.material
13:50:35: Parsing script geom_lsec.material
13:50:35: Parsing script geom_points.material
13:50:35: Parsing script geom_triangle.material
13:50:35: Finished parsing scripts for resource group geometry
13:50:35: Parsing scripts for resource group graph
13:50:35: Parsing script graph_objects.material
13:50:35: Finished parsing scripts for resource group graph
13:50:35: Parsing scripts for resource group image
13:50:35: Finished parsing scripts for resource group image
13:50:35: Parsing scripts for resource group scg
13:50:35: Parsing script scg_arrows.material
13:50:35: Parsing script scg_base.material
13:50:35: Parsing script scg_content.material
13:50:35: Parsing script scg_mpair.material
13:50:35: Parsing script scg_nodes.material
13:50:35: Parsing script scg_pair.material
13:50:35: Parsing script scg_pair_const.material
13:50:35: Parsing script scg_pair_const_orient.material
13:50:35: Parsing script scg_pair_fuz_const.material
13:50:35: Parsing script scg_pair_fuz_meta.material
13:50:36: Parsing script scg_pair_fuz_time_const.material
13:50:36: Parsing script scg_pair_fuz_time_meta.material
13:50:36: Parsing script scg_pair_fuz_time_var.material
13:50:36: Parsing script scg_pair_fuz_var.material
13:50:36: Parsing script scg_pair_meta.material
13:50:36: Parsing script scg_pair_meta_orient.material
13:50:36: Parsing script scg_pair_neg_const.material
13:50:36: Parsing script scg_pair_neg_meta.material
13:50:36: Parsing script scg_pair_neg_time_const.material
13:50:36: Parsing script scg_pair_neg_time_meta.material
13:50:36: Parsing script scg_pair_neg_time_var.material
13:50:36: Parsing script scg_pair_neg_var.material
13:50:36: Parsing script scg_pair_pos_const.material
13:50:36: Parsing script scg_pair_pos_meta.material
13:50:36: Parsing script scg_pair_pos_time_const.material
13:50:36: Parsing script scg_pair_pos_time_meta.material
13:50:36: Parsing script scg_pair_pos_time_var.material
13:50:36: Parsing script scg_pair_pos_var.material
13:50:36: Parsing script scg_pair_var.material
13:50:36: Parsing script scg_pair_var_orient.material
13:50:36: Finished parsing scripts for resource group scg
13:50:36: Parsing scripts for resource group space
13:50:36: Parsing script backs.material
13:50:36: Parsing script demo.material
13:50:36: Parsing script space_base.material
13:50:36: Parsing script stars.material
13:50:36: Parsing script stars.particle
13:50:36: Finished parsing scripts for resource group space
13:50:36: Parsing scripts for resource group video
13:50:36: Finished parsing scripts for resource group video
13:50:36: Parsing scripts for resource group yandexmap
13:50:36: Finished parsing scripts for resource group yandexmap
13:50:36: Mesh: Loading scg_node_const.mesh.
13:50:36: Mesh: Loading scg_struct_abstract_const.mesh.
13:50:36: Mesh: Loading scg_cont_cube.mesh.
13:50:36: Mesh: Loading scg_cont_unknown.mesh.
13:50:36: Can't assign material Material to SubEntity of <suit.core.objects.ObjectSheet object at 0x06C03B40>_quest because this Material does not exist. Have you forgotten to define it in a .material script?
13:50:36: Mesh: Loading scg_struct_struct.mesh.
13:50:36: Mesh: Loading scg_line_seg.mesh.
13:50:37: Texture: icon__389af105_p_sc_global_addr: Loading 1 faces(PF_A8R8G8B8,128x128x1) with  hardware generated mipmaps from Image. Internal format is PF_A8R8G8B8,128x128x1.
